<?xml version="1.0" encoding="UTF-8"?>
<!-- Generated by org.testng.reporters.JUnitReportReporter -->
<testsuite hostname="DileepriyaPC" failures="0" tests="3" name="org.appReport.Contacts2" time="11.191" errors="1" timestamp="2023-03-07T12:52:45 IST" skipped="2">
  <testcase classname="org.appReport.Contacts2" name="tc1" time="11.191">
    <error message="An element could not be located on the page using the given search parameters.
For documentation on this error, please visit: https://selenium.dev/exceptions/#no_such_element
Build info: version: &#039;4.8.1&#039;, revision: &#039;8ebccac989&#039;
System info: os.name: &#039;Windows 11&#039;, os.arch: &#039;amd64&#039;, os.version: &#039;10.0&#039;, java.version: &#039;19.0.2&#039;
Driver info: io.appium.java_client.android.AndroidDriver
Command: [45d75a45-51d5-45eb-8460-f7804ff97580, findElement {using=id, value=allow}]
Capabilities {appium:appActivity: com.android.contacts.NonPho..., appium:appPackage: com.android.contacts, appium:databaseEnabled: false, appium:desired: {appActivity: com.android.contacts.NonPho..., appPackage: com.android.contacts, deviceName: V2151, platformName: android, platformversion: 12, udid: 13862558020002Z}, appium:deviceApiLevel: 31, appium:deviceManufacturer: vivo, appium:deviceModel: V2151, appium:deviceName: 13862558020002Z, appium:deviceScreenDensity: 396, appium:deviceScreenSize: 1080x2404, appium:deviceUDID: 13862558020002Z, appium:javascriptEnabled: true, appium:locationContextEnabled: false, appium:networkConnectionEnabled: true, appium:pixelRatio: 2.4750001, appium:platformVersion: 12, appium:platformversion: 12, appium:statBarHeight: 79, appium:takesScreenshot: true, appium:udid: 13862558020002Z, appium:viewportRect: {height: 2121, left: 0, top: 79, width: 1080}, appium:warnings: {}, appium:webStorageEnabled: false, platformName: ANDROID}
Session ID: 45d75a45-51d5-45eb-8460-f7804ff97580" type="org.openqa.selenium.NoSuchElementException">
      <![CDATA[org.openqa.selenium.NoSuchElementException: An element could not be located on the page using the given search parameters.
For documentation on this error, please visit: https://selenium.dev/exceptions/#no_such_element
Build info: version: '4.8.1', revision: '8ebccac989'
System info: os.name: 'Windows 11', os.arch: 'amd64', os.version: '10.0', java.version: '19.0.2'
Driver info: io.appium.java_client.android.AndroidDriver
Command: [45d75a45-51d5-45eb-8460-f7804ff97580, findElement {using=id, value=allow}]
Capabilities {appium:appActivity: com.android.contacts.NonPho..., appium:appPackage: com.android.contacts, appium:databaseEnabled: false, appium:desired: {appActivity: com.android.contacts.NonPho..., appPackage: com.android.contacts, deviceName: V2151, platformName: android, platformversion: 12, udid: 13862558020002Z}, appium:deviceApiLevel: 31, appium:deviceManufacturer: vivo, appium:deviceModel: V2151, appium:deviceName: 13862558020002Z, appium:deviceScreenDensity: 396, appium:deviceScreenSize: 1080x2404, appium:deviceUDID: 13862558020002Z, appium:javascriptEnabled: true, appium:locationContextEnabled: false, appium:networkConnectionEnabled: true, appium:pixelRatio: 2.4750001, appium:platformVersion: 12, appium:platformversion: 12, appium:statBarHeight: 79, appium:takesScreenshot: true, appium:udid: 13862558020002Z, appium:viewportRect: {height: 2121, left: 0, top: 79, width: 1080}, appium:warnings: {}, appium:webStorageEnabled: false, platformName: ANDROID}
Session ID: 45d75a45-51d5-45eb-8460-f7804ff97580
at java.base/jdk.internal.reflect.DirectConstructorHandleAccessor.newInstance(DirectConstructorHandleAccessor.java:67)
at java.base/java.lang.reflect.Constructor.newInstanceWithCaller(Constructor.java:500)
at java.base/java.lang.reflect.Constructor.newInstance(Constructor.java:484)
at org.openqa.selenium.remote.codec.w3c.W3CHttpResponseCodec.createException(W3CHttpResponseCodec.java:200)
at org.openqa.selenium.remote.codec.w3c.W3CHttpResponseCodec.decode(W3CHttpResponseCodec.java:133)
at org.openqa.selenium.remote.codec.w3c.W3CHttpResponseCodec.decode(W3CHttpResponseCodec.java:53)
at org.openqa.selenium.remote.HttpCommandExecutor.execute(HttpCommandExecutor.java:184)
at io.appium.java_client.remote.AppiumCommandExecutor.execute(AppiumCommandExecutor.java:262)
at org.openqa.selenium.remote.RemoteWebDriver.execute(RemoteWebDriver.java:543)
at org.openqa.selenium.remote.ElementLocation$ElementFinder$2.findElement(ElementLocation.java:162)
at org.openqa.selenium.remote.ElementLocation.findElement(ElementLocation.java:66)
at org.openqa.selenium.remote.RemoteWebDriver.findElement(RemoteWebDriver.java:352)
at org.openqa.selenium.remote.RemoteWebDriver.findElement(RemoteWebDriver.java:344)
at org.appReport.Contacts2.tc1(Contacts2.java:48)
at java.base/jdk.internal.reflect.DirectMethodHandleAccessor.invoke(DirectMethodHandleAccessor.java:104)
at java.base/java.lang.reflect.Method.invoke(Method.java:578)
at org.testng.internal.invokers.MethodInvocationHelper.invokeMethod(MethodInvocationHelper.java:139)
at org.testng.internal.invokers.MethodInvocationHelper.invokeMethodConsideringTimeout(MethodInvocationHelper.java:69)
at org.testng.internal.invokers.ConfigInvoker.invokeConfigurationMethod(ConfigInvoker.java:361)
at org.testng.internal.invokers.ConfigInvoker.invokeConfigurations(ConfigInvoker.java:296)
at org.testng.SuiteRunner.privateRun(SuiteRunner.java:376)
at org.testng.SuiteRunner.run(SuiteRunner.java:330)
at org.testng.SuiteRunnerWorker.runSuite(SuiteRunnerWorker.java:52)
at org.testng.SuiteRunnerWorker.run(SuiteRunnerWorker.java:95)
at org.testng.TestNG.runSuitesSequentially(TestNG.java:1256)
at org.testng.TestNG.runSuitesLocally(TestNG.java:1176)
at org.testng.TestNG.runSuites(TestNG.java:1099)
at org.testng.TestNG.run(TestNG.java:1067)
at org.testng.remote.AbstractRemoteTestNG.run(AbstractRemoteTestNG.java:115)
at org.testng.remote.RemoteTestNG.initAndRun(RemoteTestNG.java:251)
at org.testng.remote.RemoteTestNG.main(RemoteTestNG.java:77)
]]>
    </error>
  </testcase> <!-- tc1 -->
  <system-out/>
  <testcase classname="org.appReport.Contacts2" name="tc2" time="0.000">
    <skipped/>
  </testcase> <!-- tc2 -->
  <system-out/>
  <testcase classname="org.appReport.Contacts2" name="tc3" time="0.000">
    <skipped/>
  </testcase> <!-- tc3 -->
  <system-out/>
</testsuite> <!-- org.appReport.Contacts2 -->
